<?xml version="1.0" encoding="UTF-8"?>
<!-- Generated by org.testng.reporters.JUnitXMLReporter -->
<testsuite hostname="DESKTOP-2UOT798" ignored="0" name="Surefire test" tests="1" failures="1" timestamp="2022-04-20T15:36:57 ART" time="2.406" errors="0">
  <testcase name="TC_Backend_001" time="2.382" classname="org.jonathanbs.api.BrewingApi.BrewingTests">
    <failure type="java.lang.AssertionError" message="expected [761] but found [lagunitas-brewing-co-petaluma]">
      <![CDATA[java.lang.AssertionError: expected [761] but found [lagunitas-brewing-co-petaluma]
at org.jonathanbs.api.BrewingApi.BrewingTests.TC_Backend_001(BrewingTests.java:118)
at java.util.ArrayList.forEach(ArrayList.java:1259)
... Removed 38 stack frames]]>
    </failure>
  </testcase> <!-- TC_Backend_001 -->
</testsuite> <!-- Surefire test -->
