-------------------------------------------------------------------------------
Test set: org.jonathanbs.api.BrewingApi.BrewingTests
-------------------------------------------------------------------------------
Tests run: 1, Failures: 1, Errors: 0, Skipped: 0, Time elapsed: 2.879 s <<< FAILURE! - in org.jonathanbs.api.BrewingApi.BrewingTests
TC_Backend_001(org.jonathanbs.api.BrewingApi.BrewingTests)  Time elapsed: 2.387 s  <<< FAILURE!
java.lang.AssertionError: expected [761] but found [lagunitas-brewing-co-petaluma]
	at org.jonathanbs.api.BrewingApi.BrewingTests.TC_Backend_001(BrewingTests.java:118)

