<?xml version="1.0" encoding="UTF-8"?>
<testsuite xmlns:xsi="http://www.w3.org/2001/XMLSchema-instance" xsi:noNamespaceSchemaLocation="https://maven.apache.org/surefire/maven-surefire-plugin/xsd/surefire-test-report.xsd" name="org.jonathanbs.ui.TestUIMercantil" time="38.197" tests="2" errors="0" skipped="0" failures="0">
  <properties>
[...]
</properties>
  <testcase name="TestCase001CotizarPeugeot206" classname="org.jonathanbs.ui.TestUIMercantil" time="17.261"/>
  <testcase name="TestCase002CotizarFerrari" classname="org.jonathanbs.ui.TestUIMercantil" time="10.827"/>
</testsuite>