<?xml version="1.0" encoding="UTF-8"?>
<testsuite xmlns:xsi="http://www.w3.org/2001/XMLSchema-instance" xsi:noNamespaceSchemaLocation="https://maven.apache.org/surefire/maven-surefire-plugin/xsd/surefire-test-report.xsd" name="org.jonathanbs.api.BrewingApi.BrewingTests" time="2.879" tests="1" errors="0" skipped="0" failures="1">
  <properties>
[...]
</properties>
  <testcase name="TC_Backend_001" classname="org.jonathanbs.api.BrewingApi.BrewingTests" time="2.387">
    <failure message="expected [761] but found [lagunitas-brewing-co-petaluma]" type="java.lang.AssertionError">java.lang.AssertionError: expected [761] but found [lagunitas-brewing-co-petaluma]
	at org.jonathanbs.api.BrewingApi.BrewingTests.TC_Backend_001(BrewingTests.java:118)
</failure>
    <system-out><![CDATA[HTTP/1.1 200 OK
Age: 76017
Cache-Control: public, max-age=86400
Cf-Cache-Status: HIT
Cf-Ray: 6feffd00508008dd-EZE
Content-Encoding: gzip
Content-Type: application/json; charset=utf-8
Etag: W/"4e2a0265c7072acff3e0d49c299000f0"
Expect-Ct: max-age=604800, report-uri="https://report-uri.cloudflare.com/cdn-cgi/beacon/expect-ct"
Nel: {"success_fraction":0,"report_to":"cf-nel","max_age":604800}
Referrer-Policy: strict-origin-when-cross-origin
Report-To: {"endpoints":[{"url":"https:\/\/a.nel.cloudflare.com\/report\/v3?s=7cNJg1Ajq5zbe7v3yhebfrC09SsK8IuXqoKK0r0icTm0If0i7I4ZL9jmKJK%2FiZz7zDfBpvSpo6kGatB1S3c90aw1oZpp%2FIMaq3u3EPJXNUIqCW1yxWp5fgwQ3luUQneniNIMztQE3jQ%3D"}],"group":"cf-nel","max_age":604800}
Server: cloudflare
Strict-Transport-Security: max-age=63072000; includeSubDomains
Vary: Accept, Origin, Accept-Encoding
Via: 1.1 vegur
X-Content-Type-Options: nosniff
X-Download-Options: noopen
X-Frame-Options: SAMEORIGIN
X-Permitted-Cross-Domain-Policies: none
X-Request-Id: 306364d2-22fc-4f2c-9e8b-2e296ecebbde
X-Runtime: 0.032589
X-Xss-Protection: 1; mode=block
Date: Wed, 20 Apr 2022 18:36:55 GMT
Transfer-Encoding: chunked

[
    {
        "id": "lagunitas-brewing-co-chicago",
        "name": "Lagunitas Brewing Co"
    },
    {
        "id": "lagunitas-brewing-co-petaluma",
        "name": "Lagunitas Brewing Co"
    },
    {
        "id": "lagunitas-seattle-taproom-and-beer-sanctuary-seattle",
        "name": "Lagunitas Seattle Taproom and Beer Sanctuary"
    }
]
HTTP/1.1 200 OK
Age: 13125
Cache-Control: public, max-age=86400
Cf-Cache-Status: HIT
Cf-Ray: 6feffd0443a308e9-EZE
Content-Encoding: gzip
Content-Type: application/json; charset=utf-8
Etag: W/"a0c744aba7c9b35210c85fb8bcecea66"
Expect-Ct: max-age=604800, report-uri="https://report-uri.cloudflare.com/cdn-cgi/beacon/expect-ct"
Nel: {"success_fraction":0,"report_to":"cf-nel","max_age":604800}
Referrer-Policy: strict-origin-when-cross-origin
Report-To: {"endpoints":[{"url":"https:\/\/a.nel.cloudflare.com\/report\/v3?s=I2a8gtInHc2lkNvvY7D6p%2BFtbiRMC2HT3VMoSFMgKePySMm5oc1k2BWZHbWE%2FH%2BRRNgPiVK1iWULHqpfg75yUkKRrdXLfUbrcy1sSm9Yx58LC1AXUQnOT5%2B3nyIHPSP9hF9RBFxfudo%3D"}],"group":"cf-nel","max_age":604800}
Server: cloudflare
Strict-Transport-Security: max-age=63072000; includeSubDomains
Vary: Origin, Accept-Encoding
Via: 1.1 vegur
X-Content-Type-Options: nosniff
X-Download-Options: noopen
X-Frame-Options: SAMEORIGIN
X-Permitted-Cross-Domain-Policies: none
X-Request-Id: c4e483e8-75c1-4542-bc9b-18578460f7f4
X-Runtime: 0.025864
X-Xss-Protection: 1; mode=block
Date: Wed, 20 Apr 2022 18:36:56 GMT
Transfer-Encoding: chunked

{
    "id": "lagunitas-brewing-co-chicago",
    "name": "Lagunitas Brewing Co",
    "brewery_type": "large",
    "street": "2607 W 17th St",
    "address_2": null,
    "address_3": null,
    "city": "Chicago",
    "state": "Illinois",
    "county_province": null,
    "postal_code": "60608-1823",
    "country": "United States",
    "longitude": "-87.6932373",
    "latitude": "41.8583603",
    "phone": "7735222503",
    "website_url": "http://www.lagunitas.com",
    "updated_at": "2021-10-23T02:24:55.243Z",
    "created_at": "2021-10-23T02:24:55.243Z"
}
HTTP/1.1 200 OK
Age: 13125
Cache-Control: public, max-age=86400
Cf-Cache-Status: HIT
Cf-Ray: 6feffd05407d08f9-EZE
Content-Encoding: gzip
Content-Type: application/json; charset=utf-8
Etag: W/"79eb8734cb6fd1aea71b03348be06dc2"
Expect-Ct: max-age=604800, report-uri="https://report-uri.cloudflare.com/cdn-cgi/beacon/expect-ct"
Nel: {"success_fraction":0,"report_to":"cf-nel","max_age":604800}
Referrer-Policy: strict-origin-when-cross-origin
Report-To: {"endpoints":[{"url":"https:\/\/a.nel.cloudflare.com\/report\/v3?s=UmmTlPLQyJjl6XZzvpx27fnl8RQ507IruicTM3Y%2FoMfyWzXfYdhsdjM1gqCXapI3djSsI8ud7xnIAnEl0LjCtSwUWlE6ZXyebkoyDa8EUOqFzpnrgr8inIpVauWGyGa1n9rLkZJEs4o%3D"}],"group":"cf-nel","max_age":604800}
Server: cloudflare
Strict-Transport-Security: max-age=63072000; includeSubDomains
Vary: Origin, Accept-Encoding
Via: 1.1 vegur
X-Content-Type-Options: nosniff
X-Download-Options: noopen
X-Frame-Options: SAMEORIGIN
X-Permitted-Cross-Domain-Policies: none
X-Request-Id: b3176536-2857-462a-b4d2-9b70de142dc6
X-Runtime: 0.015287
X-Xss-Protection: 1; mode=block
Date: Wed, 20 Apr 2022 18:36:56 GMT
Transfer-Encoding: chunked

{
    "id": "lagunitas-brewing-co-petaluma",
    "name": "Lagunitas Brewing Co",
    "brewery_type": "large",
    "street": "1280 N McDowell Blvd",
    "address_2": null,
    "address_3": null,
    "city": "Petaluma",
    "state": "California",
    "county_province": null,
    "postal_code": "94954-1113",
    "country": "United States",
    "longitude": "-122.6619198",
    "latitude": "38.27264795",
    "phone": "7077694495",
    "website_url": "http://www.lagunitas.com",
    "updated_at": "2021-10-23T02:24:55.243Z",
    "created_at": "2021-10-23T02:24:55.243Z"
}
]]></system-out>
    <system-err><![CDATA[abr 20, 2022 3:36:57 PM org.jonathanbs.api.BrewingApi.BrewingTests TC_Backend_001
INFORMACIÓN: SIZE LISTA => 2
]]></system-err>
  </testcase>
</testsuite>