<?xml version="1.0" encoding="UTF-8"?>
<testng-results ignored="0" total="2" passed="2" failed="0" skipped="0">
  <reporter-output>
  </reporter-output>
  <suite started-at="2022-04-19T12:29:23 ART" name="Default Suite" finished-at="2022-04-19T12:30:03 ART" duration-ms="40260">
    <groups>
    </groups>
    <test started-at="2022-04-19T12:29:23 ART" name="MA-challenge-UI" finished-at="2022-04-19T12:30:03 ART" duration-ms="40260">
      <class name="TestUIMercantil">
        <test-method is-config="true" signature="SetUp()[pri:0, instance:TestUIMercantil@2de23121]" started-at="2022-04-19T12:29:23 ART" name="SetUp" finished-at="2022-04-19T12:29:27 ART" duration-ms="4197" status="PASS">
          <reporter-output>
          </reporter-output>
        </test-method> <!-- SetUp -->
        <test-method signature="TestCase001CotizarPeugeot206()[pri:0, instance:TestUIMercantil@2de23121]" started-at="2022-04-19T12:29:27 ART" name="TestCase001CotizarPeugeot206" finished-at="2022-04-19T12:29:48 ART" duration-ms="21036" status="PASS">
          <reporter-output>
          </reporter-output>
        </test-method> <!-- TestCase001CotizarPeugeot206 -->
        <test-method signature="TestCase003CotizarFerrari()[pri:0, instance:TestUIMercantil@2de23121]" started-at="2022-04-19T12:29:48 ART" name="TestCase003CotizarFerrari" finished-at="2022-04-19T12:29:58 ART" duration-ms="10281" status="PASS">
          <reporter-output>
          </reporter-output>
        </test-method> <!-- TestCase003CotizarFerrari -->
        <test-method is-config="true" signature="TearDown()[pri:0, instance:TestUIMercantil@2de23121]" started-at="2022-04-19T12:29:58 ART" name="TearDown" finished-at="2022-04-19T12:30:03 ART" duration-ms="4729" status="PASS">
          <reporter-output>
          </reporter-output>
        </test-method> <!-- TearDown -->
      </class> <!-- TestUIMercantil -->
    </test> <!-- MA-challenge-UI -->
  </suite> <!-- Default Suite -->
</testng-results>
